Identifyer_App/app/build/intermediates/manifest_merge_blame_file/debug/manifest-merger-blame-debug-report.txt
1<?xml version="1.0" encoding="utf-8"?>
2<manifest xmlns:android="http://schemas.android.com/apk/res/android"
3    package="com.example.identifyer"
4    android:versionCode="1"
5    android:versionName="1.0" >
6
7    <uses-sdk
8        android:minSdkVersion="21"
8-->src\main\AndroidManifest.xml
9        android:targetSdkVersion="32" />
9-->src\main\AndroidManifest.xml
10
11    <uses-permission android:name="android.permission.CAMERA" />
11-->src\main\AndroidManifest.xml:4:5-64
11-->src\main\AndroidManifest.xml:4:22-62
12
13    <uses-feature
13-->src\main\AndroidManifest.xml:6:5-8:35
14        android:name="android.hardware.camera"
14-->src\main\AndroidManifest.xml:7:9-47
15        android:required="false" />
15-->src\main\AndroidManifest.xml:8:9-33
16
17    <application
17-->src\main\AndroidManifest.xml:10:5-39:19
18        android:allowBackup="true"
18-->src\main\AndroidManifest.xml:11:9-35
19        android:appComponentFactory="androidx.core.app.CoreComponentFactory"
19-->[androidx.core:core:1.7.0] AndroidManifest.xml:24:18-86
20        android:debuggable="true"
21        android:icon="@mipmap/ic_launcher"
21-->src\main\AndroidManifest.xml:12:9-43
22        android:label="@string/app_name"
22-->src\main\AndroidManifest.xml:13:9-41
23        android:roundIcon="@mipmap/ic_launcher_round"
23-->src\main\AndroidManifest.xml:14:9-54
24        android:supportsRtl="true"
24-->src\main\AndroidManifest.xml:15:9-35
25        android:testOnly="true"
26        android:theme="@style/Theme.Identifyer" >
26-->src\main\AndroidManifest.xml:16:9-48
27        <activity
27-->src\main\AndroidManifest.xml:17:9-19:40
28            android:name="com.example.identifyer.SettingsActivity"
28-->src\main\AndroidManifest.xml:18:13-45
29            android:exported="false" />
29-->src\main\AndroidManifest.xml:19:13-37
30        <activity
30-->src\main\AndroidManifest.xml:20:9-22:40
31            android:name="com.example.identifyer.InmateListActivity"
31-->src\main\AndroidManifest.xml:21:13-47
32            android:exported="false" />
32-->src\main\AndroidManifest.xml:22:13-37
33        <activity
33-->src\main\AndroidManifest.xml:23:9-25:40
34            android:name="com.example.identifyer.RoomActivity"
34-->src\main\AndroidManifest.xml:24:13-41
35            android:exported="false" />
35-->src\main\AndroidManifest.xml:25:13-37
36        <activity
36-->src\main\AndroidManifest.xml:26:9-34:20
37            android:name="com.example.identifyer.MainActivity"
37-->src\main\AndroidManifest.xml:27:13-41
38            android:exported="true" >
38-->src\main\AndroidManifest.xml:28:13-36
39            <intent-filter>
39-->src\main\AndroidManifest.xml:29:13-33:29
40                <action android:name="android.intent.action.MAIN" />
40-->src\main\AndroidManifest.xml:30:17-69
40-->src\main\AndroidManifest.xml:30:25-66
41
42                <category android:name="android.intent.category.LAUNCHER" />
42-->src\main\AndroidManifest.xml:32:17-77
42-->src\main\AndroidManifest.xml:32:27-74
43            </intent-filter>
44        </activity>
45
46        <meta-data
46-->src\main\AndroidManifest.xml:36:9-38:57
47            android:name="preloaded_fonts"
47-->src\main\AndroidManifest.xml:37:13-43
48            android:resource="@array/preloaded_fonts" />
48-->src\main\AndroidManifest.xml:38:13-54
49
50        <service
50-->[androidx.room:room-runtime:2.4.2] AndroidManifest.xml:25:9-28:40
51            android:name="androidx.room.MultiInstanceInvalidationService"
51-->[androidx.room:room-runtime:2.4.2] AndroidManifest.xml:26:13-74
52            android:directBootAware="true"
52-->[androidx.room:room-runtime:2.4.2] AndroidManifest.xml:27:13-43
53            android:exported="false" />
53-->[androidx.room:room-runtime:2.4.2] AndroidManifest.xml:28:13-37
54
55        <provider
55-->[androidx.emoji2:emoji2:1.0.0] AndroidManifest.xml:26:9-34:20
56            android:name="androidx.startup.InitializationProvider"
56-->[androidx.emoji2:emoji2:1.0.0] AndroidManifest.xml:27:13-67
57            android:authorities="com.example.identifyer.androidx-startup"
57-->[androidx.emoji2:emoji2:1.0.0] AndroidManifest.xml:28:13-68
58            android:exported="false" >
58-->[androidx.emoji2:emoji2:1.0.0] AndroidManifest.xml:29:13-37
59            <meta-data
59-->[androidx.emoji2:emoji2:1.0.0] AndroidManifest.xml:31:13-33:52
60                android:name="androidx.emoji2.text.EmojiCompatInitializer"
60-->[androidx.emoji2:emoji2:1.0.0] AndroidManifest.xml:32:17-75
61                android:value="androidx.startup" />
61-->[androidx.emoji2:emoji2:1.0.0] AndroidManifest.xml:33:17-49
62            <meta-data
62-->[androidx.lifecycle:lifecycle-process:2.4.0] AndroidManifest.xml:31:13-33:52
63                android:name="androidx.lifecycle.ProcessLifecycleInitializer"
63-->[androidx.lifecycle:lifecycle-process:2.4.0] AndroidManifest.xml:32:17-78
64                android:value="androidx.startup" />
64-->[androidx.lifecycle:lifecycle-process:2.4.0] AndroidManifest.xml:33:17-49
65        </provider>
66    </application>
67
68</manifest>